2025-07-19 09:21:13.543675: I tensorflow/core/util/port.cc:153] oneDNN custom operations are on. You may see slightly different numerical results due to floating-point round-off errors from different computation orders. To turn them off, set the environment variable `TF_ENABLE_ONEDNN_OPTS=0`.
2025-07-19 09:21:14.851707: E external/local_xla/xla/stream_executor/cuda/cuda_fft.cc:467] Unable to register cuFFT factory: Attempting to register factory for plugin cuFFT when one has already been registered
WARNING: All log messages before absl::InitializeLog() is called are written to STDERR
E0000 00:00:1752916875.292549  890823 cuda_dnn.cc:8579] Unable to register cuDNN factory: Attempting to register factory for plugin cuDNN when one has already been registered
E0000 00:00:1752916875.413548  890823 cuda_blas.cc:1407] Unable to register cuBLAS factory: Attempting to register factory for plugin cuBLAS when one has already been registered
W0000 00:00:1752916876.531320  890823 computation_placer.cc:177] computation placer already registered. Please check linkage and avoid linking the same target more than once.
W0000 00:00:1752916876.531400  890823 computation_placer.cc:177] computation placer already registered. Please check linkage and avoid linking the same target more than once.
W0000 00:00:1752916876.531412  890823 computation_placer.cc:177] computation placer already registered. Please check linkage and avoid linking the same target more than once.
W0000 00:00:1752916876.531418  890823 computation_placer.cc:177] computation placer already registered. Please check linkage and avoid linking the same target more than once.
2025-07-19 09:21:16.649103: I tensorflow/core/platform/cpu_feature_guard.cc:210] This TensorFlow binary is optimized to use available CPU instructions in performance-critical operations.
To enable the following instructions: AVX2 AVX512F AVX512_VNNI AVX512_BF16 AVX512_FP16 AVX_VNNI AMX_TILE AMX_INT8 AMX_BF16 FMA, in other operations, rebuild TensorFlow with the appropriate compiler flags.
Traceback (most recent call last):
  File "/work/pi_aghasemi_umass_edu/afzali_umass/CM_pooria/Implicit-CMPE/experiments/denoising_imagenette/train_ImageNet_denoising.py", line 10, in <module>
    from bayesflow.experimental.rectifiers import RectifiedDistribution
  File "/work/pi_aghasemi_umass_edu/afzali_umass/CM_pooria/Implicit-CMPE/src/bayesflow/bayesflow/__init__.py", line 25, in <module>
    from bayesflow import amortizers, default_settings, diagnostics, losses, networks, trainers, sensitivity
  File "/work/pi_aghasemi_umass_edu/afzali_umass/CM_pooria/Implicit-CMPE/src/bayesflow/bayesflow/amortizers.py", line 35, in <module>
    from bayesflow.losses import log_loss, mmd_summary_space
  File "/work/pi_aghasemi_umass_edu/afzali_umass/CM_pooria/Implicit-CMPE/src/bayesflow/bayesflow/losses.py", line 23, in <module>
    from bayesflow.computational_utilities import maximum_mean_discrepancy
  File "/work/pi_aghasemi_umass_edu/afzali_umass/CM_pooria/Implicit-CMPE/src/bayesflow/bayesflow/computational_utilities.py", line 24, in <module>
    from sklearn.calibration import calibration_curve
  File "/work/pi_aghasemi_umass_edu/afzali_umass/miniconda3/envs/myenv/lib/python3.10/site-packages/sklearn/calibration.py", line 31, in <module>
    from .model_selection import check_cv, cross_val_predict
  File "/work/pi_aghasemi_umass_edu/afzali_umass/miniconda3/envs/myenv/lib/python3.10/site-packages/sklearn/model_selection/__init__.py", line 3, in <module>
    from ._plot import LearningCurveDisplay, ValidationCurveDisplay
  File "/work/pi_aghasemi_umass_edu/afzali_umass/miniconda3/envs/myenv/lib/python3.10/site-packages/sklearn/model_selection/_plot.py", line 7, in <module>
    from ._validation import learning_curve, validation_curve
  File "/work/pi_aghasemi_umass_edu/afzali_umass/miniconda3/envs/myenv/lib/python3.10/site-packages/sklearn/model_selection/_validation.py", line 29, in <module>
    from ..metrics import check_scoring, get_scorer_names
  File "/work/pi_aghasemi_umass_edu/afzali_umass/miniconda3/envs/myenv/lib/python3.10/site-packages/sklearn/metrics/__init__.py", line 31, in <module>
    from ._plot.det_curve import DetCurveDisplay
  File "/work/pi_aghasemi_umass_edu/afzali_umass/miniconda3/envs/myenv/lib/python3.10/site-packages/sklearn/metrics/_plot/det_curve.py", line 4, in <module>
    from .._ranking import det_curve
  File "/work/pi_aghasemi_umass_edu/afzali_umass/miniconda3/envs/myenv/lib/python3.10/site-packages/sklearn/metrics/_ranking.py", line 45, in <module>
    from ._base import _average_binary_score, _average_multiclass_ovo_score
  File "<frozen importlib._bootstrap>", line 1027, in _find_and_load
  File "<frozen importlib._bootstrap>", line 1006, in _find_and_load_unlocked
  File "<frozen importlib._bootstrap>", line 688, in _load_unlocked
  File "<frozen importlib._bootstrap_external>", line 879, in exec_module
  File "<frozen importlib._bootstrap_external>", line 975, in get_code
  File "<frozen importlib._bootstrap_external>", line 1074, in get_data
KeyboardInterrupt
